# JRE version: OpenJDK Runtime Environment (8.0_322-b06) (build 1.8.0_322-b06)
# Java VM: OpenJDK 64-Bit Server VM (25.322-b06 mixed mode windows-amd64 compressed oops)
Heap:
 PSYoungGen      total 56320K, used 51566K [0x00000000d5580000, 0x00000000dc380000, 0x0000000100000000)
  eden space 48640K, 94% used [0x00000000d5580000,0x00000000d82460b0,0x00000000d8500000)
  from space 7680K, 74% used [0x00000000d8c80000,0x00000000d92158c8,0x00000000d9400000)
  to   space 7680K, 0% used [0x00000000d8500000,0x00000000d8500000,0x00000000d8c80000)
 ParOldGen       total 128512K, used 24K [0x0000000080000000, 0x0000000087d80000, 0x00000000d5580000)
  object space 128512K, 0% used [0x0000000080000000,0x0000000080006000,0x0000000087d80000)
 Metaspace       used 14759K, capacity 15246K, committed 15616K, reserved 1062912K
  class space    used 2057K, capacity 2185K, committed 2304K, reserved 1048576K
GC Heap History (4 events):
Event: 19.262 GC heap before
{Heap before GC invocations=1 (full 0):
 PSYoungGen      total 56320K, used 48640K [0x00000000d5580000, 0x00000000d9400000, 0x0000000100000000)
  eden space 48640K, 100% used [0x00000000d5580000,0x00000000d8500000,0x00000000d8500000)
  from space 7680K, 0% used [0x00000000d8c80000,0x00000000d8c80000,0x00000000d9400000)
  to   space 7680K, 0% used [0x00000000d8500000,0x00000000d8500000,0x00000000d8c80000)
 ParOldGen       total 128512K, used 0K [0x0000000080000000, 0x0000000087d80000, 0x00000000d5580000)
  object space 128512K, 0% used [0x0000000080000000,0x0000000080000000,0x0000000087d80000)
 Metaspace       used 7729K, capacity 8000K, committed 8320K, reserved 1056768K
  class space    used 972K, capacity 1054K, committed 1152K, reserved 1048576K
Event: 19.405 GC heap after
Heap after GC invocations=1 (full 0):
 PSYoungGen      total 56320K, used 5727K [0x00000000d5580000, 0x00000000d9400000, 0x0000000100000000)
  eden space 48640K, 0% used [0x00000000d5580000,0x00000000d5580000,0x00000000d8500000)
  from space 7680K, 74% used [0x00000000d8500000,0x00000000d8a97ff8,0x00000000d8c80000)
  to   space 7680K, 0% used [0x00000000d8c80000,0x00000000d8c80000,0x00000000d9400000)
 ParOldGen       total 128512K, used 16K [0x0000000080000000, 0x0000000087d80000, 0x00000000d5580000)
  object space 128512K, 0% used [0x0000000080000000,0x0000000080004000,0x0000000087d80000)
 Metaspace       used 7729K, capacity 8000K, committed 8320K, reserved 1056768K
  class space    used 972K, capacity 1054K, committed 1152K, reserved 1048576K
}
Event: 26.806 GC heap before
{Heap before GC invocations=2 (full 0):
 PSYoungGen      total 56320K, used 54367K [0x00000000d5580000, 0x00000000d9400000, 0x0000000100000000)
  eden space 48640K, 100% used [0x00000000d5580000,0x00000000d8500000,0x00000000d8500000)
  from space 7680K, 74% used [0x00000000d8500000,0x00000000d8a97ff8,0x00000000d8c80000)
  to   space 7680K, 0% used [0x00000000d8c80000,0x00000000d8c80000,0x00000000d9400000)
 ParOldGen       total 128512K, used 16K [0x0000000080000000, 0x0000000087d80000, 0x00000000d5580000)
  object space 128512K, 0% used [0x0000000080000000,0x0000000080004000,0x0000000087d80000)
 Metaspace       used 9830K, capacity 10174K, committed 10496K, reserved 1058816K
  class space    used 1310K, capacity 1415K, committed 1536K, reserved 1048576K
Event: 27.056 GC heap after
Heap after GC invocations=2 (full 0):
 PSYoungGen      total 56320K, used 5718K [0x00000000d5580000, 0x00000000dc380000, 0x0000000100000000)
  eden space 48640K, 0% used [0x00000000d5580000,0x00000000d5580000,0x00000000d8500000)
  from space 7680K, 74% used [0x00000000d8c80000,0x00000000d92158c8,0x00000000d9400000)
  to   space 7680K, 0% used [0x00000000d8500000,0x00000000d8500000,0x00000000d8c80000)
 ParOldGen       total 128512K, used 24K [0x0000000080000000, 0x0000000087d80000, 0x00000000d5580000)
  object space 128512K, 0% used [0x0000000080000000,0x0000000080006000,0x0000000087d80000)
 Metaspace       used 9830K, capacity 10174K, committed 10496K, reserved 1058816K
  class space    used 1310K, capacity 1415K, committed 1536K, reserved 1048576K
}

